<?xml version="1.0" encoding="UTF-8"?>
<!-- Generated by org.testng.reporters.JUnitReportReporter -->
<testsuite hostname="NDSL034" failures="0" tests="1" name="cucumber.TestNGRunner" time="14.191" errors="0" timestamp="2025-09-01T18:00:18 IST" skipped="0">
  <testcase classname="cucumber.TestNGRunner" name="runScenario" time="14.191"/>
</testsuite> <!-- cucumber.TestNGRunner -->
