<?xml version="1.0" encoding="UTF-8"?>
<!-- Generated by org.testng.reporters.JUnitReportReporter -->
<testsuite hostname="NDSL034" failures="0" tests="1" name="cucumber.TestNGRunner" time="11.776" errors="0" timestamp="2025-08-26T18:58:51 IST" skipped="0">
  <testcase classname="cucumber.TestNGRunner" name="runScenario" time="11.776"/>
</testsuite> <!-- cucumber.TestNGRunner -->
